<?xml version="1.0" encoding="UTF-8"?>
<!-- Generated by org.testng.reporters.JUnitReportReporter -->
<testsuite skipped="0" hostname="DESKTOP-SM48EEK" name="orange.testcases.LoginPageTest" tests="3" failures="0" timestamp="22 May 2021 16:19:27 GMT" time="32.409" errors="0">
  <testcase name="loginPageTitleTest" time="11.304" classname="orange.testcases.LoginPageTest"/>
  <testcase name="loginTest" time="11.946" classname="orange.testcases.LoginPageTest"/>
  <testcase name="logintest_invalid" time="9.159" classname="orange.testcases.LoginPageTest"/>
</testsuite> <!-- orange.testcases.LoginPageTest -->
