<?xml version="1.0" encoding="UTF-8"?>
<!-- Generated by org.testng.reporters.JUnitReportReporter -->
<testsuite skipped="0" hostname="DESKTOP-SM48EEK" name="orange.testcases.AdminTabPageTest" tests="4" failures="0" timestamp="22 May 2021 16:14:15 GMT" time="10.104" errors="0">
  <testcase name="clickAdminTab" time="3.146" classname="orange.testcases.AdminTabPageTest"/>
  <testcase name="userCountTest" time="1.787" classname="orange.testcases.AdminTabPageTest"/>
  <testcase name="userSearchFilterTest" time="2.473" classname="orange.testcases.AdminTabPageTest"/>
  <testcase name="addBtnEnabledTest" time="2.698" classname="orange.testcases.AdminTabPageTest"/>
</testsuite> <!-- orange.testcases.AdminTabPageTest -->
