<?xml version="1.0" encoding="UTF-8"?>
<!-- Generated by org.testng.reporters.JUnitReportReporter -->
<testsuite skipped="0" hostname="DESKTOP-SM48EEK" name="orange.testcases.PIMTabTest" tests="3" failures="0" timestamp="22 May 2021 18:32:38 GMT" time="92.273" errors="0">
  <testcase name="addNewEmployee" time="35.343" classname="orange.testcases.PIMTabTest"/>
  <testcase name="addNewEmployee" time="33.848" classname="orange.testcases.PIMTabTest"/>
  <testcase name="addNewEmployee" time="23.082" classname="orange.testcases.PIMTabTest"/>
</testsuite> <!-- orange.testcases.PIMTabTest -->
