<?xml version="1.0" encoding="UTF-8"?>
<!-- Generated by org.testng.reporters.JUnitReportReporter -->
<testsuite skipped="0" hostname="DESKTOP-SM48EEK" name="orange.testcases.HomePageTest" tests="3" failures="0" timestamp="22 May 2021 16:15:58 GMT" time="49.479" errors="0">
  <testcase name="HomePageTextTest" time="13.879" classname="orange.testcases.HomePageTest"/>
  <testcase name="PIMTabTest" time="17.697" classname="orange.testcases.HomePageTest"/>
  <testcase name="MarketplaceTabTest" time="17.903" classname="orange.testcases.HomePageTest"/>
</testsuite> <!-- orange.testcases.HomePageTest -->
