<?xml version="1.0" encoding="UTF-8"?>
<!-- Generated by org.testng.reporters.JUnitReportReporter -->
<testsuite skipped="0" hostname="DESKTOP-SM48EEK" name="orange.testcases.test_new" tests="1" failures="0" timestamp="08 May 2021 11:50:09 GMT" time="0.078" errors="0">
  <testcase name="display" time="0.078" classname="orange.testcases.test_new"/>
</testsuite> <!-- orange.testcases.test_new -->
